[ 2017-01-03T00:49:12+08:00 ] ::1 /Library_of_lovely_xin/Home/Index/indexBook?book_id=33
INFO: [ app_init ] --START--
INFO: Run Behavior\BuildLiteBehavior [ RunTime:0.000000s ]
INFO: [ app_init ] --END-- [ RunTime:0.001000s ]
INFO: [ app_begin ] --START--
INFO: Run Behavior\ReadHtmlCacheBehavior [ RunTime:0.001000s ]
INFO: [ app_begin ] --END-- [ RunTime:0.001000s ]
SQL: SHOW COLUMNS FROM `xin_book` [ RunTime:0.0060s ]
SQL: SELECT * FROM `xin_book` WHERE `book_id` = 33 LIMIT 1   [ RunTime:0.0010s ]
INFO: [ view_parse ] --START--
INFO: [ template_filter ] --START--
INFO: Run Behavior\ContentReplaceBehavior [ RunTime:0.000000s ]
INFO: [ template_filter ] --END-- [ RunTime:0.001000s ]
NOTIC: [8] Undefined variable: book D:\wamp\www\Library_of_lovely_xin\Application\Runtime\Cache\Home\20cd3b7699769235bc85fc890328de2a.php 第 46 行.
NOTIC: [8] Undefined variable: p D:\wamp\www\Library_of_lovely_xin\Application\Runtime\Cache\Home\20cd3b7699769235bc85fc890328de2a.php 第 157 行.
NOTIC: [8] Undefined variable: p D:\wamp\www\Library_of_lovely_xin\Application\Runtime\Cache\Home\20cd3b7699769235bc85fc890328de2a.php 第 158 行.
NOTIC: [8] Undefined variable: p D:\wamp\www\Library_of_lovely_xin\Application\Runtime\Cache\Home\20cd3b7699769235bc85fc890328de2a.php 第 158 行.
NOTIC: [8] Undefined variable: pages D:\wamp\www\Library_of_lovely_xin\Application\Runtime\Cache\Home\20cd3b7699769235bc85fc890328de2a.php 第 159 行.
NOTIC: [8] Undefined variable: p D:\wamp\www\Library_of_lovely_xin\Application\Runtime\Cache\Home\20cd3b7699769235bc85fc890328de2a.php 第 159 行.
NOTIC: [8] Undefined variable: p D:\wamp\www\Library_of_lovely_xin\Application\Runtime\Cache\Home\20cd3b7699769235bc85fc890328de2a.php 第 159 行.
NOTIC: [8] Undefined variable: show D:\wamp\www\Library_of_lovely_xin\Application\Runtime\Cache\Home\20cd3b7699769235bc85fc890328de2a.php 第 164 行.
INFO: Run Behavior\ParseTemplateBehavior [ RunTime:0.019001s ]
INFO: [ view_parse ] --END-- [ RunTime:0.019001s ]
INFO: [ view_filter ] --START--
INFO: Run Behavior\WriteHtmlCacheBehavior [ RunTime:0.001000s ]
INFO: [ view_filter ] --END-- [ RunTime:0.002000s ]
INFO: [ app_end ] --START--
INFO: Run Behavior\ShowPageTraceBehavior [ RunTime:0.001000s ]
INFO: [ app_end ] --END-- [ RunTime:0.001000s ]

