[ 2017-01-15T10:47:10+08:00 ] 127.0.0.1 /Library_of_lovely_xin/Home/Index/indexBook?book_id=1&page=1
INFO: [ app_init ] --START--
INFO: Run Behavior\BuildLiteBehavior [ RunTime:0.000000s ]
INFO: [ app_init ] --END-- [ RunTime:0.001000s ]
INFO: [ app_begin ] --START--
INFO: Run Behavior\ReadHtmlCacheBehavior [ RunTime:0.001000s ]
INFO: [ app_begin ] --END-- [ RunTime:0.001000s ]
NOTIC: [2] Illegal string offset 'book_id' D:\wamp\www\Library_of_lovely_xin\Application\Home\Controller\IndexController.class.php 第 162 行.
ERR: SQLSTATE[HY000] [1049] Base 'zjwdb_6118471' inconnue

[ 2017-01-15T10:47:35+08:00 ] 127.0.0.1 /Library_of_lovely_xin/Home/Index/indexBook?book_id=1&page=1
INFO: [ app_init ] --START--
INFO: Run Behavior\BuildLiteBehavior [ RunTime:0.000000s ]
INFO: [ app_init ] --END-- [ RunTime:0.001000s ]
INFO: [ app_begin ] --START--
INFO: Run Behavior\ReadHtmlCacheBehavior [ RunTime:0.002000s ]
INFO: [ app_begin ] --END-- [ RunTime:0.002000s ]
NOTIC: [2] Illegal string offset 'book_id' D:\wamp\www\Library_of_lovely_xin\Application\Home\Controller\IndexController.class.php 第 162 行.
SQL: SHOW COLUMNS FROM `xin_book` [ RunTime:0.1960s ]
SQL: SELECT * FROM `xin_book` WHERE ( 1 ) LIMIT 1   [ RunTime:0.0000s ]
INFO: [ view_parse ] --START--
INFO: [ template_filter ] --START--
INFO: Run Behavior\ContentReplaceBehavior [ RunTime:0.000000s ]
INFO: [ template_filter ] --END-- [ RunTime:0.000000s ]
INFO: Run Behavior\ParseTemplateBehavior [ RunTime:0.021001s ]
INFO: [ view_parse ] --END-- [ RunTime:0.021001s ]
INFO: [ view_filter ] --START--
INFO: Run Behavior\WriteHtmlCacheBehavior [ RunTime:0.001000s ]
INFO: [ view_filter ] --END-- [ RunTime:0.001000s ]
INFO: [ app_end ] --START--
INFO: Run Behavior\ShowPageTraceBehavior [ RunTime:0.001000s ]
INFO: [ app_end ] --END-- [ RunTime:0.002000s ]

[ 2017-01-15T11:00:52+08:00 ] 127.0.0.1 /Library_of_lovely_xin/Home/Index/indexBook?book_id=1&page=1
INFO: [ app_init ] --START--
INFO: Run Behavior\BuildLiteBehavior [ RunTime:0.000000s ]
INFO: [ app_init ] --END-- [ RunTime:0.001000s ]
INFO: [ app_begin ] --START--
INFO: Run Behavior\ReadHtmlCacheBehavior [ RunTime:0.001000s ]
INFO: [ app_begin ] --END-- [ RunTime:0.001000s ]
NOTIC: [2] Illegal string offset 'book_id' D:\wamp\www\Library_of_lovely_xin\Application\Home\Controller\IndexController.class.php 第 162 行.
SQL: SHOW COLUMNS FROM `xin_book` [ RunTime:0.0240s ]
SQL: SELECT * FROM `xin_book` WHERE ( 1 ) LIMIT 1   [ RunTime:0.0000s ]
INFO: [ view_parse ] --START--
INFO: [ template_filter ] --START--
INFO: Run Behavior\ContentReplaceBehavior [ RunTime:0.000000s ]
INFO: [ template_filter ] --END-- [ RunTime:0.000000s ]
INFO: Run Behavior\ParseTemplateBehavior [ RunTime:0.021001s ]
INFO: [ view_parse ] --END-- [ RunTime:0.021001s ]
INFO: [ view_filter ] --START--
INFO: Run Behavior\WriteHtmlCacheBehavior [ RunTime:0.001000s ]
INFO: [ view_filter ] --END-- [ RunTime:0.001000s ]
INFO: [ app_end ] --START--
INFO: Run Behavior\ShowPageTraceBehavior [ RunTime:0.001000s ]
INFO: [ app_end ] --END-- [ RunTime:0.001000s ]

[ 2017-01-15T11:00:55+08:00 ] 127.0.0.1 /Library_of_lovely_xin/Home/Index/indexBook?book_id=1&page=1
INFO: [ app_init ] --START--
INFO: Run Behavior\BuildLiteBehavior [ RunTime:0.000000s ]
INFO: [ app_init ] --END-- [ RunTime:0.001000s ]
INFO: [ app_begin ] --START--
INFO: Run Behavior\ReadHtmlCacheBehavior [ RunTime:0.000000s ]
INFO: [ app_begin ] --END-- [ RunTime:0.001000s ]
NOTIC: [2] Illegal string offset 'book_id' D:\wamp\www\Library_of_lovely_xin\Application\Home\Controller\IndexController.class.php 第 162 行.
SQL: SHOW COLUMNS FROM `xin_book` [ RunTime:0.0240s ]
SQL: SELECT * FROM `xin_book` WHERE ( 1 ) LIMIT 1   [ RunTime:0.0010s ]
INFO: [ view_parse ] --START--
INFO: [ template_filter ] --START--
INFO: Run Behavior\ContentReplaceBehavior [ RunTime:0.000000s ]
INFO: [ template_filter ] --END-- [ RunTime:0.000000s ]
INFO: Run Behavior\ParseTemplateBehavior [ RunTime:0.020001s ]
INFO: [ view_parse ] --END-- [ RunTime:0.020001s ]
INFO: [ view_filter ] --START--
INFO: Run Behavior\WriteHtmlCacheBehavior [ RunTime:0.001000s ]
INFO: [ view_filter ] --END-- [ RunTime:0.001000s ]
INFO: [ app_end ] --START--
INFO: Run Behavior\ShowPageTraceBehavior [ RunTime:0.000000s ]
INFO: [ app_end ] --END-- [ RunTime:0.001001s ]

[ 2017-01-15T13:51:29+08:00 ] ::1 /Library_of_lovely_xin/index.php/Home/Index/index
INFO: [ app_init ] --START--
INFO: Run Behavior\BuildLiteBehavior [ RunTime:0.000000s ]
INFO: [ app_init ] --END-- [ RunTime:0.008000s ]
INFO: [ app_begin ] --START--
INFO: Run Behavior\ReadHtmlCacheBehavior [ RunTime:0.016001s ]
INFO: [ app_begin ] --END-- [ RunTime:0.016001s ]
INFO: [ view_parse ] --START--
INFO: [ template_filter ] --START--
INFO: Run Behavior\ContentReplaceBehavior [ RunTime:0.000000s ]
INFO: [ template_filter ] --END-- [ RunTime:0.001000s ]
INFO: Run Behavior\ParseTemplateBehavior [ RunTime:0.055003s ]
INFO: [ view_parse ] --END-- [ RunTime:0.055003s ]
INFO: [ view_filter ] --START--
INFO: Run Behavior\WriteHtmlCacheBehavior [ RunTime:0.008001s ]
INFO: [ view_filter ] --END-- [ RunTime:0.008001s ]

[ 2017-01-15T13:51:33+08:00 ] ::1 /Library_of_lovely_xin/index.php/Home/login/login.html
INFO: [ app_init ] --START--
INFO: Run Behavior\BuildLiteBehavior [ RunTime:0.000000s ]
INFO: [ app_init ] --END-- [ RunTime:0.002000s ]
INFO: [ app_begin ] --START--
INFO: Run Behavior\ReadHtmlCacheBehavior [ RunTime:0.000000s ]
INFO: [ app_begin ] --END-- [ RunTime:0.001000s ]
INFO: [ view_parse ] --START--
INFO: [ template_filter ] --START--
INFO: Run Behavior\ContentReplaceBehavior [ RunTime:0.000000s ]
INFO: [ template_filter ] --END-- [ RunTime:0.000000s ]
INFO: Run Behavior\ParseTemplateBehavior [ RunTime:0.009001s ]
INFO: [ view_parse ] --END-- [ RunTime:0.009001s ]
INFO: [ view_filter ] --START--
INFO: Run Behavior\WriteHtmlCacheBehavior [ RunTime:0.000000s ]
INFO: [ view_filter ] --END-- [ RunTime:0.000000s ]
INFO: [ app_end ] --START--
INFO: Run Behavior\ShowPageTraceBehavior [ RunTime:0.066004s ]
INFO: [ app_end ] --END-- [ RunTime:0.067004s ]

[ 2017-01-15T13:51:39+08:00 ] ::1 /Library_of_lovely_xin/index.php/Home/login/isLogin
INFO: [ app_init ] --START--
INFO: Run Behavior\BuildLiteBehavior [ RunTime:0.000000s ]
INFO: [ app_init ] --END-- [ RunTime:0.001000s ]
INFO: [ app_begin ] --START--
INFO: Run Behavior\ReadHtmlCacheBehavior [ RunTime:0.000000s ]
INFO: [ app_begin ] --END-- [ RunTime:0.001000s ]
INFO: [ view_parse ] --START--
INFO: [ template_filter ] --START--
INFO: Run Behavior\ContentReplaceBehavior [ RunTime:0.000000s ]
INFO: [ template_filter ] --END-- [ RunTime:0.000000s ]
INFO: Run Behavior\ParseTemplateBehavior [ RunTime:0.010000s ]
INFO: [ view_parse ] --END-- [ RunTime:0.010000s ]
INFO: [ view_filter ] --START--
INFO: Run Behavior\WriteHtmlCacheBehavior [ RunTime:0.001000s ]
INFO: [ view_filter ] --END-- [ RunTime:0.001000s ]
INFO: [ app_end ] --START--
INFO: Run Behavior\ShowPageTraceBehavior [ RunTime:0.001000s ]
INFO: [ app_end ] --END-- [ RunTime:0.001000s ]

[ 2017-01-15T13:51:41+08:00 ] ::1 /Library_of_lovely_xin/index.php/Home/Index/index.html
INFO: [ app_init ] --START--
INFO: Run Behavior\BuildLiteBehavior [ RunTime:0.000000s ]
INFO: [ app_init ] --END-- [ RunTime:0.001000s ]
INFO: [ app_begin ] --START--
INFO: Run Behavior\ReadHtmlCacheBehavior [ RunTime:0.001000s ]
INFO: [ app_begin ] --END-- [ RunTime:0.001000s ]
SQL: SHOW COLUMNS FROM `xin_cycle` [ RunTime:0.0920s ]
SQL: SELECT * FROM `xin_cycle`  [ RunTime:0.0010s ]
SQL: SHOW COLUMNS FROM `xin_book` [ RunTime:0.0600s ]
SQL: SELECT COUNT(*) AS tp_count FROM `xin_book` WHERE ( book_status=1 ) LIMIT 1   [ RunTime:0.0010s ]
SQL: SELECT * FROM `xin_book` WHERE ( book_status=1 ) LIMIT 0,32   [ RunTime:0.0010s ]
NOTIC: [8] Undefined index: p D:\wamp\www\Library_of_lovely_xin\Application\Home\Controller\IndexController.class.php 第 11 行.
INFO: [ view_parse ] --START--
INFO: [ template_filter ] --START--
INFO: Run Behavior\ContentReplaceBehavior [ RunTime:0.000000s ]
INFO: [ template_filter ] --END-- [ RunTime:0.000000s ]
INFO: Run Behavior\ParseTemplateBehavior [ RunTime:0.058003s ]
INFO: [ view_parse ] --END-- [ RunTime:0.058003s ]
INFO: [ view_filter ] --START--
INFO: Run Behavior\WriteHtmlCacheBehavior [ RunTime:0.000000s ]
INFO: [ view_filter ] --END-- [ RunTime:0.001000s ]
INFO: [ app_end ] --START--
INFO: Run Behavior\ShowPageTraceBehavior [ RunTime:0.001000s ]
INFO: [ app_end ] --END-- [ RunTime:0.001000s ]

[ 2017-01-15T13:52:54+08:00 ] ::1 /Library_of_lovely_xin/index.php/Home/UploadBook/getBook
INFO: [ app_init ] --START--
INFO: Run Behavior\BuildLiteBehavior [ RunTime:0.000000s ]
INFO: [ app_init ] --END-- [ RunTime:0.001000s ]
INFO: [ app_begin ] --START--
INFO: Run Behavior\ReadHtmlCacheBehavior [ RunTime:0.000000s ]
INFO: [ app_begin ] --END-- [ RunTime:0.002000s ]
NOTIC: [2] call_user_func() expects parameter 1 to be a valid callback, no array or string given D:\wamp\www\Library_of_lovely_xin\ThinkPHP\Library\Think\Upload.class.php 第 170 行.
NOTIC: [2] call_user_func_array() expects parameter 1 to be a valid callback, function 'data' not found or invalid function name D:\wamp\www\Library_of_lovely_xin\ThinkPHP\Library\Think\Upload.class.php 第 418 行.
NOTIC: [2] finfo_file(D:\wamp\tmp\phpFC3B.tmp): failed to open stream: No such file or directory D:\wamp\www\Library_of_lovely_xin\ThinkPHP\Library\Think\Upload.class.php 第 152 行.
NOTIC: [2] call_user_func() expects parameter 1 to be a valid callback, no array or string given D:\wamp\www\Library_of_lovely_xin\ThinkPHP\Library\Think\Upload.class.php 第 170 行.
NOTIC: [2] call_user_func_array() expects parameter 1 to be a valid callback, function 'data' not found or invalid function name D:\wamp\www\Library_of_lovely_xin\ThinkPHP\Library\Think\Upload.class.php 第 418 行.
SQL: SHOW COLUMNS FROM `xin_book` [ RunTime:0.0150s ]
SQL: INSERT INTO `xin_book` (`book_name`,`book_author`,`book_abstract`,`book_cover`,`book_content`) VALUES ('白话列子','列子','《列子》一书是中国古代思想史上的重要著作之一。其思想与道家十分接近，后来被道教奉为经典。唐天宝元年（公元 742 年）诏称《列子》为《冲虚真经》。书中记载了许多民间故事、寓言和神话传说，因而在中国古代文学史上也有一定地位。书中还有大量的养生与古代气功的论述，亦值得研究。我们要了解中国传统文化，吸取其精华为社会主义现代化建设服务，《列子》是有必要认真阅读的。','Public/image/cover/587b0e3619f93.jpg','Public/book/587b0e363b2da.txt') [ RunTime:0.0150s ]
INFO: [ app_end ] --START--
INFO: Run Behavior\ShowPageTraceBehavior [ RunTime:0.001000s ]
INFO: [ app_end ] --END-- [ RunTime:0.002000s ]

[ 2017-01-15T13:53:01+08:00 ] ::1 /Library_of_lovely_xin/index.php/Home/Index/index.html
INFO: [ app_init ] --START--
INFO: Run Behavior\BuildLiteBehavior [ RunTime:0.001000s ]
INFO: [ app_init ] --END-- [ RunTime:0.001000s ]
INFO: [ app_begin ] --START--
INFO: Run Behavior\ReadHtmlCacheBehavior [ RunTime:0.001000s ]
INFO: [ app_begin ] --END-- [ RunTime:0.001000s ]
SQL: SHOW COLUMNS FROM `xin_cycle` [ RunTime:0.0160s ]
SQL: SELECT * FROM `xin_cycle`  [ RunTime:0.0000s ]
SQL: SHOW COLUMNS FROM `xin_book` [ RunTime:0.0160s ]
SQL: SELECT COUNT(*) AS tp_count FROM `xin_book` WHERE ( book_status=1 ) LIMIT 1   [ RunTime:0.0000s ]
SQL: SELECT * FROM `xin_book` WHERE ( book_status=1 ) LIMIT 0,32   [ RunTime:0.0000s ]
NOTIC: [8] Undefined index: p D:\wamp\www\Library_of_lovely_xin\Application\Home\Controller\IndexController.class.php 第 11 行.
INFO: [ view_parse ] --START--
INFO: [ template_filter ] --START--
INFO: Run Behavior\ContentReplaceBehavior [ RunTime:0.000000s ]
INFO: [ template_filter ] --END-- [ RunTime:0.000000s ]
INFO: Run Behavior\ParseTemplateBehavior [ RunTime:0.032002s ]
INFO: [ view_parse ] --END-- [ RunTime:0.032002s ]
INFO: [ view_filter ] --START--
INFO: Run Behavior\WriteHtmlCacheBehavior [ RunTime:0.001000s ]
INFO: [ view_filter ] --END-- [ RunTime:0.001000s ]
INFO: [ app_end ] --START--
INFO: Run Behavior\ShowPageTraceBehavior [ RunTime:0.001000s ]
INFO: [ app_end ] --END-- [ RunTime:0.001000s ]

[ 2017-01-15T13:57:36+08:00 ] ::1 /Library_of_lovely_xin/index.php/Home/UploadBook/getBook
INFO: [ app_init ] --START--
INFO: Run Behavior\BuildLiteBehavior [ RunTime:0.000000s ]
INFO: [ app_init ] --END-- [ RunTime:0.001000s ]
INFO: [ app_begin ] --START--
INFO: Run Behavior\ReadHtmlCacheBehavior [ RunTime:0.001000s ]
INFO: [ app_begin ] --END-- [ RunTime:0.002001s ]
NOTIC: [2] call_user_func() expects parameter 1 to be a valid callback, no array or string given D:\wamp\www\Library_of_lovely_xin\ThinkPHP\Library\Think\Upload.class.php 第 170 行.
NOTIC: [2] call_user_func_array() expects parameter 1 to be a valid callback, function 'data' not found or invalid function name D:\wamp\www\Library_of_lovely_xin\ThinkPHP\Library\Think\Upload.class.php 第 418 行.
NOTIC: [2] finfo_file(D:\wamp\tmp\php4B75.tmp): failed to open stream: No such file or directory D:\wamp\www\Library_of_lovely_xin\ThinkPHP\Library\Think\Upload.class.php 第 152 行.
NOTIC: [2] call_user_func() expects parameter 1 to be a valid callback, no array or string given D:\wamp\www\Library_of_lovely_xin\ThinkPHP\Library\Think\Upload.class.php 第 170 行.
NOTIC: [2] call_user_func_array() expects parameter 1 to be a valid callback, function 'data' not found or invalid function name D:\wamp\www\Library_of_lovely_xin\ThinkPHP\Library\Think\Upload.class.php 第 418 行.
SQL: SHOW COLUMNS FROM `xin_book` [ RunTime:0.0060s ]
SQL: INSERT INTO `xin_book` (`book_name`,`book_author`,`book_abstract`,`book_cover`,`book_content`) VALUES ('飞鸟集','泰戈尔','夏天的飞鸟，飞到我的窗前唱歌，又飞去了。
秋天的黄叶，它们没有什么可唱，只叹息一声，飞落在那里。','Public/image/cover/587b0f5072e09.jpg','Public/book/587b0f507be93.txt') [ RunTime:0.0020s ]
INFO: [ app_end ] --START--
INFO: Run Behavior\ShowPageTraceBehavior [ RunTime:0.001000s ]
INFO: [ app_end ] --END-- [ RunTime:0.001000s ]

[ 2017-01-15T13:57:40+08:00 ] ::1 /Library_of_lovely_xin/index.php/Home/Index/index.html
INFO: [ app_init ] --START--
INFO: Run Behavior\BuildLiteBehavior [ RunTime:0.000000s ]
INFO: [ app_init ] --END-- [ RunTime:0.001000s ]
INFO: [ app_begin ] --START--
INFO: Run Behavior\ReadHtmlCacheBehavior [ RunTime:0.001000s ]
INFO: [ app_begin ] --END-- [ RunTime:0.001000s ]
SQL: SHOW COLUMNS FROM `xin_cycle` [ RunTime:0.0070s ]
SQL: SELECT * FROM `xin_cycle`  [ RunTime:0.0000s ]
SQL: SHOW COLUMNS FROM `xin_book` [ RunTime:0.0060s ]
SQL: SELECT COUNT(*) AS tp_count FROM `xin_book` WHERE ( book_status=1 ) LIMIT 1   [ RunTime:0.0000s ]
SQL: SELECT * FROM `xin_book` WHERE ( book_status=1 ) LIMIT 0,32   [ RunTime:0.0010s ]
NOTIC: [8] Undefined index: p D:\wamp\www\Library_of_lovely_xin\Application\Home\Controller\IndexController.class.php 第 11 行.
INFO: [ view_parse ] --START--
INFO: [ template_filter ] --START--
INFO: Run Behavior\ContentReplaceBehavior [ RunTime:0.000000s ]
INFO: [ template_filter ] --END-- [ RunTime:0.000000s ]
INFO: Run Behavior\ParseTemplateBehavior [ RunTime:0.030002s ]
INFO: [ view_parse ] --END-- [ RunTime:0.030002s ]
INFO: [ view_filter ] --START--
INFO: Run Behavior\WriteHtmlCacheBehavior [ RunTime:0.000000s ]
INFO: [ view_filter ] --END-- [ RunTime:0.001000s ]
INFO: [ app_end ] --START--
INFO: Run Behavior\ShowPageTraceBehavior [ RunTime:0.001000s ]
INFO: [ app_end ] --END-- [ RunTime:0.001000s ]

[ 2017-01-15T21:48:21+08:00 ] ::1 /Library_of_lovely_xin/index.php/Home/Index/indexBook?book_id=1&page=1
INFO: [ app_init ] --START--
INFO: Run Behavior\BuildLiteBehavior [ RunTime:0.000000s ]
INFO: [ app_init ] --END-- [ RunTime:0.000000s ]
INFO: [ app_begin ] --START--
INFO: Run Behavior\ReadHtmlCacheBehavior [ RunTime:0.000000s ]
INFO: [ app_begin ] --END-- [ RunTime:0.002000s ]
NOTIC: [2] Illegal string offset 'book_id' D:\wamp\www\Library_of_lovely_xin\Application\Home\Controller\IndexController.class.php 第 163 行.
SQL: SHOW COLUMNS FROM `xin_book` [ RunTime:0.0070s ]
SQL: SELECT * FROM `xin_book` WHERE ( 1 ) LIMIT 1   [ RunTime:0.0000s ]
INFO: [ view_parse ] --START--
INFO: [ template_filter ] --START--
INFO: Run Behavior\ContentReplaceBehavior [ RunTime:0.000000s ]
INFO: [ template_filter ] --END-- [ RunTime:0.001000s ]
INFO: Run Behavior\ParseTemplateBehavior [ RunTime:0.041002s ]
INFO: [ view_parse ] --END-- [ RunTime:0.041002s ]
INFO: [ view_filter ] --START--
INFO: Run Behavior\WriteHtmlCacheBehavior [ RunTime:0.001000s ]
INFO: [ view_filter ] --END-- [ RunTime:0.001000s ]
INFO: [ app_end ] --START--
INFO: Run Behavior\ShowPageTraceBehavior [ RunTime:0.001000s ]
INFO: [ app_end ] --END-- [ RunTime:0.001000s ]

